<?xml version="1.0" encoding="UTF-8"?>
<robot generator="Robot 4.0.3 (Python 3.8.10 on win32)" generated="20210715 16:55:57.776" rpa="false" schemaversion="2">
<suite id="s1" name="Login" source="C:\Users\USER\Desktop\enum\TestCases\Login.robot">
<test id="s1-t1" name="Launch Browser">
<kw name="Open Browser" library="SeleniumLibrary">
<arg>${login url}</arg>
<arg>gc</arg>
<doc>Opens a new browser instance to the optional ``url``.</doc>
<msg timestamp="20210715 16:55:58.157" level="INFO">Opening browser 'gc' to base url 'https://lamp-frontend.herokuapp.com/'.</msg>
<status status="PASS" starttime="20210715 16:55:58.156" endtime="20210715 16:57:18.695"/>
</kw>
<kw name="Maximize Browser Window" library="SeleniumLibrary">
<doc>Maximizes current browser window.</doc>
<status status="PASS" starttime="20210715 16:57:18.700" endtime="20210715 16:57:18.908"/>
</kw>
<status status="PASS" starttime="20210715 16:55:58.155" endtime="20210715 16:57:18.909"/>
</test>
<test id="s1-t2" name="I login to the website">
<kw name="Then Login" library="page_object">
<kw name="Wait Until Page Contains" library="SeleniumLibrary">
<arg>LOGIN</arg>
<doc>Waits until ``text`` appears on the current page.</doc>
<status status="PASS" starttime="20210715 16:57:18.924" endtime="20210715 16:57:18.946"/>
</kw>
<kw name="Page Should Contain Button" library="SeleniumLibrary">
<arg>LOGIN</arg>
<doc>Verifies button ``locator`` is found from current page.</doc>
<msg timestamp="20210715 16:57:19.000" level="INFO">Current page contains button 'LOGIN'.</msg>
<status status="PASS" starttime="20210715 16:57:18.947" endtime="20210715 16:57:19.000"/>
</kw>
<kw name="Sleep" library="BuiltIn">
<arg>5s</arg>
<doc>Pauses the test executed for the given time.</doc>
<msg timestamp="20210715 16:57:24.000" level="INFO">Slept 5 seconds</msg>
<status status="PASS" starttime="20210715 16:57:19.000" endtime="20210715 16:57:24.000"/>
</kw>
<kw name="Click Button" library="SeleniumLibrary">
<arg>css=#login</arg>
<doc>Clicks the button identified by ``locator``.</doc>
<msg timestamp="20210715 16:57:24.002" level="INFO">Clicking button 'css=#login'.</msg>
<status status="PASS" starttime="20210715 16:57:24.001" endtime="20210715 16:57:24.222"/>
</kw>
<kw name="Page Should Contain Element" library="SeleniumLibrary">
<arg>css:#email</arg>
<doc>Verifies that element ``locator`` is found on the current page.</doc>
<msg timestamp="20210715 16:57:24.242" level="INFO">Current page contains element 'css:#email'.</msg>
<status status="PASS" starttime="20210715 16:57:24.222" endtime="20210715 16:57:24.242"/>
</kw>
<kw name="Click Element" library="SeleniumLibrary">
<arg>css:#email</arg>
<doc>Click the element identified by ``locator``.</doc>
<msg timestamp="20210715 16:57:24.243" level="INFO">Clicking element 'css:#email'.</msg>
<status status="PASS" starttime="20210715 16:57:24.243" endtime="20210715 16:57:24.351"/>
</kw>
<kw name="Input Text" library="SeleniumLibrary">
<arg>css:#email</arg>
<arg>chika@mailpoof.com</arg>
<doc>Types the given ``text`` into the text field identified by ``locator``.</doc>
<msg timestamp="20210715 16:57:24.352" level="INFO">Typing text 'chika@mailpoof.com' into text field 'css:#email'.</msg>
<status status="PASS" starttime="20210715 16:57:24.352" endtime="20210715 16:57:24.597"/>
</kw>
<kw name="Click Element" library="SeleniumLibrary">
<arg>css=#password</arg>
<doc>Click the element identified by ``locator``.</doc>
<msg timestamp="20210715 16:57:24.598" level="INFO">Clicking element 'css=#password'.</msg>
<status status="PASS" starttime="20210715 16:57:24.598" endtime="20210715 16:57:24.685"/>
</kw>
<kw name="Input Password" library="SeleniumLibrary">
<arg>css:#password</arg>
<arg>123pass321</arg>
<doc>Types the given password into the text field identified by ``locator``.</doc>
<msg timestamp="20210715 16:57:24.686" level="INFO">Typing password into text field 'css:#password'.</msg>
<msg timestamp="20210715 16:57:24.732" level="INFO">Temporally setting log level to: NONE</msg>
<msg timestamp="20210715 16:57:24.851" level="INFO">Log level changed from NONE to INFO.</msg>
<status status="PASS" starttime="20210715 16:57:24.685" endtime="20210715 16:57:24.851"/>
</kw>
<kw name="Click Element" library="SeleniumLibrary">
<arg>xpath://button[@type='submit']</arg>
<doc>Click the element identified by ``locator``.</doc>
<msg timestamp="20210715 16:57:24.852" level="INFO">Clicking element 'xpath://button[@type='submit']'.</msg>
<status status="PASS" starttime="20210715 16:57:24.852" endtime="20210715 16:57:24.950"/>
</kw>
<kw name="Sleep" library="BuiltIn">
<arg>10s</arg>
<doc>Pauses the test executed for the given time.</doc>
<msg timestamp="20210715 16:57:34.955" level="INFO">Slept 10 seconds</msg>
<status status="PASS" starttime="20210715 16:57:24.950" endtime="20210715 16:57:34.957"/>
</kw>
<kw name="Page Should Contain Image" library="SeleniumLibrary">
<arg>css:img[src='/img/Enum.cfb3ba9d.svg']</arg>
<doc>Verifies image identified by ``locator`` is found from current page.</doc>
<msg timestamp="20210715 16:57:35.009" level="INFO">Current page contains image 'css:img[src='/img/Enum.cfb3ba9d.svg']'.</msg>
<status status="PASS" starttime="20210715 16:57:34.958" endtime="20210715 16:57:35.009"/>
</kw>
<kw name="Page Should Contain Element" library="SeleniumLibrary">
<arg>css:#apps</arg>
<doc>Verifies that element ``locator`` is found on the current page.</doc>
<msg timestamp="20210715 16:57:35.021" level="INFO">Current page contains element 'css:#apps'.</msg>
<status status="PASS" starttime="20210715 16:57:35.009" endtime="20210715 16:57:35.021"/>
</kw>
<kw name="Click Element" library="SeleniumLibrary">
<arg>css:#apps</arg>
<doc>Click the element identified by ``locator``.</doc>
<msg timestamp="20210715 16:57:35.022" level="INFO">Clicking element 'css:#apps'.</msg>
<status status="PASS" starttime="20210715 16:57:35.022" endtime="20210715 16:57:35.116"/>
</kw>
<status status="PASS" starttime="20210715 16:57:18.923" endtime="20210715 16:57:35.116"/>
</kw>
<status status="PASS" starttime="20210715 16:57:18.921" endtime="20210715 16:57:35.117"/>
</test>
<test id="s1-t3" name="Go to classroom">
<kw name="Click Element" library="SeleniumLibrary">
<arg>css:#apps</arg>
<doc>Click the element identified by ``locator``.</doc>
<msg timestamp="20210715 16:57:35.119" level="INFO">Clicking element 'css:#apps'.</msg>
<status status="PASS" starttime="20210715 16:57:35.119" endtime="20210715 16:57:35.186"/>
</kw>
<kw name="Click Element" library="SeleniumLibrary">
<arg>css:#classroom</arg>
<doc>Click the element identified by ``locator``.</doc>
<msg timestamp="20210715 16:57:35.187" level="INFO">Clicking element 'css:#classroom'.</msg>
<status status="PASS" starttime="20210715 16:57:35.186" endtime="20210715 16:57:35.260"/>
</kw>
<kw name="Sleep" library="BuiltIn">
<arg>10s</arg>
<doc>Pauses the test executed for the given time.</doc>
<msg timestamp="20210715 16:57:45.263" level="INFO">Slept 10 seconds</msg>
<status status="PASS" starttime="20210715 16:57:35.261" endtime="20210715 16:57:45.263"/>
</kw>
<kw name="Wait Until Page Contains" library="SeleniumLibrary">
<arg>Welcome, Chika!</arg>
<doc>Waits until ``text`` appears on the current page.</doc>
<status status="PASS" starttime="20210715 16:57:45.265" endtime="20210715 16:57:45.306"/>
</kw>
<kw name="Page Should Contain" library="SeleniumLibrary">
<arg>Welcome, Chika!</arg>
<doc>Verifies that current page contains ``text``.</doc>
<msg timestamp="20210715 16:57:45.328" level="INFO">Current page contains text 'Welcome, Chika!'.</msg>
<status status="PASS" starttime="20210715 16:57:45.307" endtime="20210715 16:57:45.329"/>
</kw>
<kw name="Click Element" library="SeleniumLibrary">
<arg>css:div.v-application.v-application--is-ltr.theme--light div.v-application--wrap main.v-main div.v-main__wrap div.restOfPage:nth-child(2) div.v-skeleton-loader.theme--light div.row div.col-sm-6.col-md-8.col div:nth-child(2) div.row div.col-md-2.col a.rounded-lg.v-card.v-card--link.v-sheet.v-sheet--outlined.theme--light &gt; div.d-flex.flex-column.pt-14.align-center</arg>
<doc>Click the element identified by ``locator``.</doc>
<msg timestamp="20210715 16:57:45.330" level="INFO">Clicking element 'css:div.v-application.v-application--is-ltr.theme--light div.v-application--wrap main.v-main div.v-main__wrap div.restOfPage:nth-child(2) div.v-skeleton-loader.theme--light div.row div.col-sm-6.col-md-8.col div:nth-child(2) div.row div.col-md-2.col a.rounded-lg.v-card.v-card--link.v-sheet.v-sheet--outlined.theme--light &gt; div.d-flex.flex-column.pt-14.align-center'.</msg>
<status status="PASS" starttime="20210715 16:57:45.330" endtime="20210715 16:57:45.592"/>
</kw>
<status status="PASS" starttime="20210715 16:57:35.118" endtime="20210715 16:57:45.593"/>
</test>
<test id="s1-t4" name="Terminate Browser window">
<kw name="Close Window" library="SeleniumLibrary">
<doc>Closes currently opened and selected browser window/tab.</doc>
<status status="PASS" starttime="20210715 16:57:45.596" endtime="20210715 16:57:46.011"/>
</kw>
<status status="PASS" starttime="20210715 16:57:45.595" endtime="20210715 16:57:46.012"/>
</test>
<doc>This is enum automation Testing</doc>
<status status="PASS" starttime="20210715 16:55:57.780" endtime="20210715 16:57:46.016"/>
</suite>
<statistics>
<total>
<stat pass="4" fail="0" skip="0">All Tests</stat>
</total>
<tag>
</tag>
<suite>
<stat pass="4" fail="0" skip="0" id="s1" name="Login">Login</stat>
</suite>
</statistics>
<errors>
<msg timestamp="20210715 16:55:57.820" level="ERROR">Error in file 'C:\Users\USER\Desktop\enum\resources\page_object.robot' on line 9: Setting variable 'Launch Browser' failed: Invalid variable name 'Launch Browser'.</msg>
<msg timestamp="20210715 16:55:57.821" level="ERROR">Error in file 'C:\Users\USER\Desktop\enum\resources\page_object.robot' on line 10: Setting variable '' failed: Invalid variable name ''.</msg>
<msg timestamp="20210715 16:55:57.822" level="ERROR">Error in file 'C:\Users\USER\Desktop\enum\resources\page_object.robot' on line 11: Setting variable '' failed: Invalid variable name ''.</msg>
<msg timestamp="20210715 16:55:57.823" level="ERROR">Error in file 'C:\Users\USER\Desktop\enum\resources\page_object.robot' on line 12: Setting variable '' failed: Invalid variable name ''.</msg>
</errors>
</robot>
