<?xml version="1.0" encoding="UTF-8"?>
<robot generator="Robot 4.0.3 (Python 3.8.10 on win32)" generated="20210706 16:32:01.353" rpa="false" schemaversion="2">
<suite id="s1" name="Test" source="C:\Users\USER\Desktop\enum\test.robot">
<test id="s1-t1" name="A user can login to the site">
<kw name="Launch Browser" library="page_object" type="SETUP">
<arg>${url}</arg>
<arg>${browser_type}</arg>
<kw name="Open Browser" library="SeleniumLibrary">
<arg>${element}</arg>
<arg>gc</arg>
<doc>Opens a new browser instance to the optional ``url``.</doc>
<msg timestamp="20210706 16:32:01.662" level="INFO">Opening browser 'gc' to base url 'https://lamp-frontend.herokuapp.com'.</msg>
<status status="PASS" starttime="20210706 16:32:01.662" endtime="20210706 16:33:28.552"/>
</kw>
<kw name="Maximize Browser Window" library="SeleniumLibrary">
<doc>Maximizes current browser window.</doc>
<status status="PASS" starttime="20210706 16:33:28.554" endtime="20210706 16:33:28.740"/>
</kw>
<status status="PASS" starttime="20210706 16:32:01.661" endtime="20210706 16:33:28.741"/>
</kw>
<kw name="Given launch browser" library="page_object">
<arg>${url}</arg>
<arg>${browser_type}</arg>
<kw name="Open Browser" library="SeleniumLibrary">
<arg>${element}</arg>
<arg>gc</arg>
<doc>Opens a new browser instance to the optional ``url``.</doc>
<msg timestamp="20210706 16:33:28.745" level="INFO">Opening browser 'gc' to base url 'https://lamp-frontend.herokuapp.com'.</msg>
<status status="PASS" starttime="20210706 16:33:28.744" endtime="20210706 16:35:25.270"/>
</kw>
<kw name="Maximize Browser Window" library="SeleniumLibrary">
<doc>Maximizes current browser window.</doc>
<status status="PASS" starttime="20210706 16:35:25.271" endtime="20210706 16:35:25.473"/>
</kw>
<status status="PASS" starttime="20210706 16:33:28.742" endtime="20210706 16:35:25.474"/>
</kw>
<kw name="Terminate Browser Instance" library="page_object" type="TEARDOWN">
<kw name="Close Browser" library="SeleniumLibrary">
<doc>Closes the current browser.</doc>
<status status="PASS" starttime="20210706 16:35:25.477" endtime="20210706 16:35:27.935"/>
</kw>
<status status="PASS" starttime="20210706 16:35:25.475" endtime="20210706 16:35:27.935"/>
</kw>
<status status="PASS" starttime="20210706 16:32:01.660" endtime="20210706 16:35:27.937"/>
</test>
<test id="s1-t2" name="I login to site">
<kw name="Launch Browser" library="page_object" type="SETUP">
<arg>${url}</arg>
<arg>${browser_type}</arg>
<kw name="Open Browser" library="SeleniumLibrary">
<arg>${element}</arg>
<arg>gc</arg>
<doc>Opens a new browser instance to the optional ``url``.</doc>
<msg timestamp="20210706 16:35:27.949" level="INFO">Opening browser 'gc' to base url 'https://lamp-frontend.herokuapp.com'.</msg>
<status status="PASS" starttime="20210706 16:35:27.947" endtime="20210706 16:37:17.919"/>
</kw>
<kw name="Maximize Browser Window" library="SeleniumLibrary">
<doc>Maximizes current browser window.</doc>
<status status="PASS" starttime="20210706 16:37:17.922" endtime="20210706 16:37:18.129"/>
</kw>
<status status="PASS" starttime="20210706 16:35:27.945" endtime="20210706 16:37:18.129"/>
</kw>
<kw name="Given Login" library="page_object">
<kw name="Wait Until Page Contains" library="SeleniumLibrary">
<arg>GET STARTED</arg>
<doc>Waits until ``text`` appears on the current page.</doc>
<status status="PASS" starttime="20210706 16:37:18.132" endtime="20210706 16:37:18.185"/>
</kw>
<kw name="Page Should Contain" library="SeleniumLibrary">
<arg>GET STARTED</arg>
<doc>Verifies that current page contains ``text``.</doc>
<msg timestamp="20210706 16:37:18.208" level="INFO">Current page contains text 'GET STARTED'.</msg>
<status status="PASS" starttime="20210706 16:37:18.187" endtime="20210706 16:37:18.208"/>
</kw>
<kw name="Sleep" library="BuiltIn">
<arg>5s</arg>
<doc>Pauses the test executed for the given time.</doc>
<msg timestamp="20210706 16:37:23.208" level="INFO">Slept 5 seconds</msg>
<status status="PASS" starttime="20210706 16:37:18.208" endtime="20210706 16:37:23.208"/>
</kw>
<kw name="Click Element" library="SeleniumLibrary">
<arg>css=div.v-application.v-application--is-ltr.theme--light div.v-application--wrap:nth-child(1) div.v-card.v-sheet.theme--light:nth-child(1) div.d-flex.justify-space-between div.pt-3:nth-child(1) button.get-started-btn-text.get-started-btn.pa-3.v-btn.v-btn--has-bg.theme--light.v-size--x-large &gt; span.v-btn__content</arg>
<doc>Click the element identified by ``locator``.</doc>
<msg timestamp="20210706 16:37:23.210" level="INFO">Clicking element 'css=div.v-application.v-application--is-ltr.theme--light div.v-application--wrap:nth-child(1) div.v-card.v-sheet.theme--light:nth-child(1) div.d-flex.justify-space-between div.pt-3:nth-child(1) button.get-started-btn-text.get-started-btn.pa-3.v-btn.v-btn--has-bg.theme--light.v-size--x-large &gt; span.v-btn__content'.</msg>
<status status="PASS" starttime="20210706 16:37:23.209" endtime="20210706 16:37:23.661"/>
</kw>
<kw name="Wait Until Page Contains Element" library="SeleniumLibrary">
<arg>css=input#email</arg>
<doc>Waits until the element ``locator`` appears on the current page.</doc>
<status status="PASS" starttime="20210706 16:37:23.662" endtime="20210706 16:37:23.734"/>
</kw>
<kw name="Page Should Contain Element" library="SeleniumLibrary">
<arg>css=input#email</arg>
<doc>Verifies that element ``locator`` is found on the current page.</doc>
<msg timestamp="20210706 16:37:23.747" level="INFO">Current page contains element 'css=input#email'.</msg>
<status status="PASS" starttime="20210706 16:37:23.734" endtime="20210706 16:37:23.747"/>
</kw>
<kw name="Input Text" library="SeleniumLibrary">
<arg>css=input#email</arg>
<arg>kateokoro699@gmail.com</arg>
<doc>Types the given ``text`` into the text field identified by ``locator``.</doc>
<msg timestamp="20210706 16:37:23.748" level="INFO">Typing text 'kateokoro699@gmail.com' into text field 'css=input#email'.</msg>
<status status="PASS" starttime="20210706 16:37:23.747" endtime="20210706 16:37:24.141"/>
</kw>
<kw name="Input Password" library="SeleniumLibrary">
<arg>css=input#password</arg>
<arg>123pass321</arg>
<doc>Types the given password into the text field identified by ``locator``.</doc>
<msg timestamp="20210706 16:37:24.142" level="INFO">Typing password into text field 'css=input#password'.</msg>
<msg timestamp="20210706 16:37:24.202" level="INFO">Temporally setting log level to: NONE</msg>
<msg timestamp="20210706 16:37:24.398" level="INFO">Log level changed from NONE to INFO.</msg>
<status status="PASS" starttime="20210706 16:37:24.142" endtime="20210706 16:37:24.398"/>
</kw>
<kw name="Click Element" library="SeleniumLibrary">
<arg>xpath=/html//button[@id='openLoginModal']</arg>
<doc>Click the element identified by ``locator``.</doc>
<msg timestamp="20210706 16:37:24.399" level="INFO">Clicking element 'xpath=/html//button[@id='openLoginModal']'.</msg>
<status status="PASS" starttime="20210706 16:37:24.399" endtime="20210706 16:37:24.620"/>
</kw>
<kw name="Wait Until Page Contains Element" library="SeleniumLibrary">
<arg>css=[placeholder='Email Address']</arg>
<doc>Waits until the element ``locator`` appears on the current page.</doc>
<status status="PASS" starttime="20210706 16:37:24.620" endtime="20210706 16:37:24.671"/>
</kw>
<kw name="Page Should Contain Element" library="SeleniumLibrary">
<arg>css=[placeholder='Email Address']</arg>
<doc>Verifies that element ``locator`` is found on the current page.</doc>
<msg timestamp="20210706 16:37:24.689" level="INFO">Current page contains element 'css=[placeholder='Email Address']'.</msg>
<status status="PASS" starttime="20210706 16:37:24.671" endtime="20210706 16:37:24.689"/>
</kw>
<kw name="Input Text" library="SeleniumLibrary">
<arg>css=[placeholder='Email Address']</arg>
<arg>kateokoro699@gmail.com</arg>
<doc>Types the given ``text`` into the text field identified by ``locator``.</doc>
<msg timestamp="20210706 16:37:24.691" level="INFO">Typing text 'kateokoro699@gmail.com' into text field 'css=[placeholder='Email Address']'.</msg>
<status status="PASS" starttime="20210706 16:37:24.690" endtime="20210706 16:37:25.188"/>
</kw>
<kw name="Input Password" library="SeleniumLibrary">
<arg>css=[placeholder='Password']</arg>
<arg>123pass321</arg>
<doc>Types the given password into the text field identified by ``locator``.</doc>
<msg timestamp="20210706 16:37:25.189" level="INFO">Typing password into text field 'css=[placeholder='Password']'.</msg>
<msg timestamp="20210706 16:37:25.249" level="INFO">Temporally setting log level to: NONE</msg>
<msg timestamp="20210706 16:37:25.416" level="INFO">Log level changed from NONE to INFO.</msg>
<status status="PASS" starttime="20210706 16:37:25.189" endtime="20210706 16:37:25.416"/>
</kw>
<kw name="Click Button" library="SeleniumLibrary">
<arg>css=#login button</arg>
<doc>Clicks the button identified by ``locator``.</doc>
<msg timestamp="20210706 16:37:25.418" level="INFO">Clicking button 'css=#login button'.</msg>
<status status="PASS" starttime="20210706 16:37:25.416" endtime="20210706 16:37:25.538"/>
</kw>
<status status="PASS" starttime="20210706 16:37:18.130" endtime="20210706 16:37:25.538"/>
</kw>
<kw name="Terminate Browser Instance" library="page_object" type="TEARDOWN">
<kw name="Close Browser" library="SeleniumLibrary">
<doc>Closes the current browser.</doc>
<status status="PASS" starttime="20210706 16:37:25.540" endtime="20210706 16:37:27.884"/>
</kw>
<status status="PASS" starttime="20210706 16:37:25.539" endtime="20210706 16:37:27.884"/>
</kw>
<status status="PASS" starttime="20210706 16:35:27.943" endtime="20210706 16:37:27.886"/>
</test>
<test id="s1-t3" name="End Session">
<kw name="Launch Browser" library="page_object" type="SETUP">
<arg>${url}</arg>
<arg>${browser_type}</arg>
<kw name="Open Browser" library="SeleniumLibrary">
<arg>${element}</arg>
<arg>gc</arg>
<doc>Opens a new browser instance to the optional ``url``.</doc>
<msg timestamp="20210706 16:37:27.898" level="INFO">Opening browser 'gc' to base url 'https://lamp-frontend.herokuapp.com'.</msg>
<status status="PASS" starttime="20210706 16:37:27.896" endtime="20210706 16:38:59.798"/>
</kw>
<kw name="Maximize Browser Window" library="SeleniumLibrary">
<doc>Maximizes current browser window.</doc>
<status status="PASS" starttime="20210706 16:38:59.799" endtime="20210706 16:38:59.953"/>
</kw>
<status status="PASS" starttime="20210706 16:37:27.894" endtime="20210706 16:38:59.954"/>
</kw>
<kw name="And Terminate Browser Instance" library="page_object">
<kw name="Close Browser" library="SeleniumLibrary">
<doc>Closes the current browser.</doc>
<status status="PASS" starttime="20210706 16:38:59.958" endtime="20210706 16:39:02.442"/>
</kw>
<status status="PASS" starttime="20210706 16:38:59.957" endtime="20210706 16:39:02.443"/>
</kw>
<kw name="Terminate Browser Instance" library="page_object" type="TEARDOWN">
<kw name="Close Browser" library="SeleniumLibrary">
<doc>Closes the current browser.</doc>
<status status="PASS" starttime="20210706 16:39:02.449" endtime="20210706 16:39:02.449"/>
</kw>
<status status="PASS" starttime="20210706 16:39:02.446" endtime="20210706 16:39:02.449"/>
</kw>
<status status="PASS" starttime="20210706 16:37:27.891" endtime="20210706 16:39:02.450"/>
</test>
<doc>This is an automation test to test the enum application</doc>
<status status="PASS" starttime="20210706 16:32:01.356" endtime="20210706 16:39:02.460"/>
</suite>
<statistics>
<total>
<stat pass="3" fail="0" skip="0">All Tests</stat>
</total>
<tag>
</tag>
<suite>
<stat pass="3" fail="0" skip="0" id="s1" name="Test">Test</stat>
</suite>
</statistics>
<errors>
</errors>
</robot>
